2025-03-14 10:17:27,801 - INFO - Starting processing of 1 files
2025-03-14 10:17:29,275 - INFO - Successfully wrote data to: C:\Users\Administrator\Desktop\Insert_Data_Workspace\Water_Level\Water_Level_龙潭桥                                            .xls
2025-03-14 10:17:30,742 - INFO - Successfully wrote data to: C:\Users\Administrator\Desktop\Insert_Data_Workspace\Water_Level\Water_Level_胡铁                                              .xls
2025-03-14 10:17:32,300 - INFO - Successfully wrote data to: C:\Users\Administrator\Desktop\Insert_Data_Workspace\Water_Level\Water_Level_黄檀咀                                            .xls
2025-03-14 10:17:33,710 - INFO - Successfully wrote data to: C:\Users\Administrator\Desktop\Insert_Data_Workspace\Water_Level\Water_Level_磁湖                                              .xls
2025-03-14 10:17:35,117 - INFO - Successfully wrote data to: C:\Users\Administrator\Desktop\Insert_Data_Workspace\Water_Level\Water_Level_李河                                              .xls
2025-03-14 10:17:36,431 - INFO - Successfully wrote data to: C:\Users\Administrator\Desktop\Insert_Data_Workspace\Water_Level\Water_Level_大冶(二)                                          .xls
2025-03-14 10:17:38,047 - INFO - Successfully wrote data to: C:\Users\Administrator\Desktop\Insert_Data_Workspace\Water_Level\Water_Level_柯家渡                                            .xls
2025-03-14 10:17:39,466 - INFO - Successfully wrote data to: C:\Users\Administrator\Desktop\Insert_Data_Workspace\Water_Level\Water_Level_磊山                                              .xls
2025-03-14 10:17:41,244 - INFO - Successfully wrote data to: C:\Users\Administrator\Desktop\Insert_Data_Workspace\Water_Level\Water_Level_罗桥                                              .xls
2025-03-14 10:17:41,876 - WARNING - 水位 31.35 超出数据范围 (15.66 - 20.0)
2025-03-14 10:17:41,877 - WARNING - 水位 31.36 超出数据范围 (15.66 - 20.0)
2025-03-14 10:17:41,883 - WARNING - 水位 31.37 超出数据范围 (15.66 - 20.0)
2025-03-14 10:17:41,888 - WARNING - 水位 31.38 超出数据范围 (15.66 - 20.0)
2025-03-14 10:17:41,890 - WARNING - 水位 31.39 超出数据范围 (15.66 - 20.0)
2025-03-14 10:17:41,893 - WARNING - 水位 31.4 超出数据范围 (15.66 - 20.0)
2025-03-14 10:17:41,895 - WARNING - 水位 31.41 超出数据范围 (15.66 - 20.0)
2025-03-14 10:17:41,897 - WARNING - 水位 31.42 超出数据范围 (15.66 - 20.0)
2025-03-14 10:17:41,899 - WARNING - 水位 31.34 超出数据范围 (15.66 - 20.0)
2025-03-14 10:17:41,901 - WARNING - 水位 31.33 超出数据范围 (15.66 - 20.0)
2025-03-14 10:17:41,903 - WARNING - 水位 31.32 超出数据范围 (15.66 - 20.0)
2025-03-14 10:17:41,905 - WARNING - 水位 31.31 超出数据范围 (15.66 - 20.0)
2025-03-14 10:17:41,908 - WARNING - 水位 31.3 超出数据范围 (15.66 - 20.0)
2025-03-14 10:17:41,910 - WARNING - 水位 31.29 超出数据范围 (15.66 - 20.0)
2025-03-14 10:17:41,912 - WARNING - 水位 31.28 超出数据范围 (15.66 - 20.0)
2025-03-14 10:17:41,913 - WARNING - 水位 31.43 超出数据范围 (15.66 - 20.0)
2025-03-14 10:17:41,915 - WARNING - 水位 31.44 超出数据范围 (15.66 - 20.0)
2025-03-14 10:17:41,917 - WARNING - 水位 31.45 超出数据范围 (15.66 - 20.0)
2025-03-14 10:17:41,919 - WARNING - 水位 31.46 超出数据范围 (15.66 - 20.0)
2025-03-14 10:17:41,922 - WARNING - 水位 31.48 超出数据范围 (15.66 - 20.0)
2025-03-14 10:17:41,924 - WARNING - 水位 31.49 超出数据范围 (15.66 - 20.0)
2025-03-14 10:17:41,926 - WARNING - 水位 31.5 超出数据范围 (15.66 - 20.0)
2025-03-14 10:17:41,927 - WARNING - 水位 31.47 超出数据范围 (15.66 - 20.0)
2025-03-14 10:17:41,929 - WARNING - 水位 31.51 超出数据范围 (15.66 - 20.0)
2025-03-14 10:17:41,931 - WARNING - 水位 31.52 超出数据范围 (15.66 - 20.0)
2025-03-14 10:17:41,934 - WARNING - 水位 31.56 超出数据范围 (15.66 - 20.0)
2025-03-14 10:17:41,936 - WARNING - 水位 31.58 超出数据范围 (15.66 - 20.0)
2025-03-14 10:17:41,937 - WARNING - 水位 31.6 超出数据范围 (15.66 - 20.0)
2025-03-14 10:17:41,939 - WARNING - 水位 31.61 超出数据范围 (15.66 - 20.0)
2025-03-14 10:17:41,941 - WARNING - 水位 31.62 超出数据范围 (15.66 - 20.0)
2025-03-14 10:17:41,942 - WARNING - 水位 31.63 超出数据范围 (15.66 - 20.0)
2025-03-14 10:17:41,944 - WARNING - 水位 31.59 超出数据范围 (15.66 - 20.0)
2025-03-14 10:17:41,948 - WARNING - 水位 31.57 超出数据范围 (15.66 - 20.0)
2025-03-14 10:17:41,950 - WARNING - 水位 31.55 超出数据范围 (15.66 - 20.0)
2025-03-14 10:17:41,952 - WARNING - 水位 31.54 超出数据范围 (15.66 - 20.0)
2025-03-14 10:17:41,953 - WARNING - 水位 31.53 超出数据范围 (15.66 - 20.0)
2025-03-14 10:17:41,955 - WARNING - 水位 31.27 超出数据范围 (15.66 - 20.0)
2025-03-14 10:17:41,957 - WARNING - 水位 31.26 超出数据范围 (15.66 - 20.0)
2025-03-14 10:17:41,958 - WARNING - 水位 31.25 超出数据范围 (15.66 - 20.0)
2025-03-14 10:17:41,960 - WARNING - 水位 31.24 超出数据范围 (15.66 - 20.0)
2025-03-14 10:17:41,962 - WARNING - 水位 31.23 超出数据范围 (15.66 - 20.0)
2025-03-14 10:17:41,964 - WARNING - 水位 31.22 超出数据范围 (15.66 - 20.0)
2025-03-14 10:17:41,966 - WARNING - 水位 31.65 超出数据范围 (15.66 - 20.0)
2025-03-14 10:17:41,974 - WARNING - 水位 31.67 超出数据范围 (15.66 - 20.0)
2025-03-14 10:17:41,979 - WARNING - 水位 31.66 超出数据范围 (15.66 - 20.0)
2025-03-14 10:17:42,795 - INFO - Successfully wrote data to: C:\Users\Administrator\Desktop\Insert_Data_Workspace\Water_Level\Water_Level_小箕铺                                            .xls
2025-03-14 10:17:44,386 - INFO - Successfully wrote data to: C:\Users\Administrator\Desktop\Insert_Data_Workspace\Water_Level\Water_Level_巴塘                                              .xls
2025-03-14 10:17:45,827 - INFO - Successfully wrote data to: C:\Users\Administrator\Desktop\Insert_Data_Workspace\Water_Level\Water_Level_龙泉湖                                            .xls
2025-03-14 10:17:47,249 - INFO - Successfully wrote data to: C:\Users\Administrator\Desktop\Insert_Data_Workspace\Water_Level\Water_Level_排市                                              .xls
2025-03-14 10:17:48,617 - INFO - Successfully wrote data to: C:\Users\Administrator\Desktop\Insert_Data_Workspace\Water_Level\Water_Level_阳新                                              .xls
2025-03-14 10:17:50,433 - INFO - Successfully wrote data to: C:\Users\Administrator\Desktop\Insert_Data_Workspace\Water_Level\Water_Level_龙港(二)                                          .xls
2025-03-14 10:17:51,849 - INFO - Successfully wrote data to: C:\Users\Administrator\Desktop\Insert_Data_Workspace\Water_Level\Water_Level_门楼                                              .xls
2025-03-14 10:17:53,245 - INFO - Successfully wrote data to: C:\Users\Administrator\Desktop\Insert_Data_Workspace\Water_Level\Water_Level_老街                                              .xls
2025-03-14 10:17:54,055 - WARNING - 水位 27.3 超出数据范围 (15.29 - 21.91)
2025-03-14 10:17:54,874 - INFO - Successfully wrote data to: C:\Users\Administrator\Desktop\Insert_Data_Workspace\Water_Level\Water_Level_三溪镇                                            .xls
2025-03-14 10:17:56,373 - INFO - Successfully wrote data to: C:\Users\Administrator\Desktop\Insert_Data_Workspace\Water_Level\Water_Level_荆头山                                            .xls
2025-03-14 10:17:57,857 - INFO - Successfully wrote data to: C:\Users\Administrator\Desktop\Insert_Data_Workspace\Water_Level\Water_Level_新街                                              .xls
2025-03-14 10:17:59,482 - INFO - Successfully wrote data to: C:\Users\Administrator\Desktop\Insert_Data_Workspace\Water_Level\Water_Level_畈段                                              .xls
2025-03-14 10:18:01,420 - INFO - Successfully wrote data to: C:\Users\Administrator\Desktop\Insert_Data_Workspace\Water_Level\Water_Level_汪畈                                              .xls
2025-03-14 10:18:03,034 - INFO - Successfully wrote data to: C:\Users\Administrator\Desktop\Insert_Data_Workspace\Water_Level\Water_Level_冠塘                                              .xls
2025-03-14 10:18:04,465 - INFO - Successfully wrote data to: C:\Users\Administrator\Desktop\Insert_Data_Workspace\Water_Level\Water_Level_下桥                                              .xls
2025-03-14 10:18:06,136 - INFO - Successfully wrote data to: C:\Users\Administrator\Desktop\Insert_Data_Workspace\Water_Level\Water_Level_洛元                                              .xls
2025-03-14 10:18:06,841 - WARNING - 水位 27.3 超出数据范围 (19.1 - 22.2)
2025-03-14 10:18:07,680 - INFO - Successfully wrote data to: C:\Users\Administrator\Desktop\Insert_Data_Workspace\Water_Level\Water_Level_木港镇                                            .xls
2025-03-14 10:18:07,681 - INFO - Processing completed
